2025-04-09 15:05:02.476384 - Received SBGOLOB.CBT509.FILE008 from FILE008.XMI 
2025-04-09 15:05:02.507602 - Found $$$$NOTE.txt (text/plain) in SBGOLOB.CBT509.FILE008, moved to PDS/$$$$NOTE
2025-04-09 15:05:02.508310 - Found $$$#DATE.txt (text/plain) in SBGOLOB.CBT509.FILE008, moved to PDS/$$$#DATE
2025-04-09 15:05:02.508876 - Found $$AFTR.txt (text/plain) in SBGOLOB.CBT509.FILE008, moved to PDS/$$AFTR
2025-04-09 15:05:02.509502 - Found $$JCL003.jcl (text/plain) in SBGOLOB.CBT509.FILE008, moved to PDS/$$JCL003
2025-04-09 15:05:02.510110 - Found $$NOTE01.txt (text/plain) in SBGOLOB.CBT509.FILE008, moved to PDS/$$NOTE01
2025-04-09 15:05:02.510693 - Found $IEBUPD1.txt (text/plain) in SBGOLOB.CBT509.FILE008, moved to PDS/$IEBUPD1
2025-04-09 15:05:02.511325 - Found ##CBT973.txt (text/plain) in SBGOLOB.CBT509.FILE008, moved to PDS/##CBT973
2025-04-09 15:05:02.511874 - Found @FILE008.txt (text/plain) in SBGOLOB.CBT509.FILE008, moved to PDS/@FILE008
2025-04-09 15:05:02.512465 - Found @NEWT.txt (text/plain) in SBGOLOB.CBT509.FILE008, moved to PDS/@NEWT
2025-04-09 15:05:02.512968 - Found ASMLK.jcl (text/plain) in SBGOLOB.CBT509.FILE008, moved to PDS/ASMLK
2025-04-09 15:05:02.513524 - Found BUFDEF.txt (text/plain) in SBGOLOB.CBT509.FILE008, moved to PDS/BUFDEF
2025-04-09 15:05:02.514140 - Found CBTCOPY.txt (text/plain) in SBGOLOB.CBT509.FILE008, moved to PDS/CBTCOPY
2025-04-09 15:05:02.514655 - Found CBTCOPY$.jcl (text/plain) in SBGOLOB.CBT509.FILE008, moved to PDS/CBTCOPY$
2025-04-09 15:05:02.515277 - Found CBTCOPY@.jcl (text/plain) in SBGOLOB.CBT509.FILE008, moved to PDS/CBTCOPY@
2025-04-09 15:05:02.515880 - Found CBTSTATS.txt (text/plain) in SBGOLOB.CBT509.FILE008, moved to PDS/CBTSTATS
2025-04-09 15:05:02.516469 - Found CBTUPD.txt (text/plain) in SBGOLOB.CBT509.FILE008, moved to PDS/CBTUPD
2025-04-09 15:05:02.517060 - Found CBTUPD$.jcl (text/plain) in SBGOLOB.CBT509.FILE008, moved to PDS/CBTUPD$
2025-04-09 15:05:02.517660 - Found CBTUPDTE.txt (text/plain) in SBGOLOB.CBT509.FILE008, moved to PDS/CBTUPDTE
2025-04-09 15:05:02.518248 - Found COVUPDTE.txt (text/plain) in SBGOLOB.CBT509.FILE008, moved to PDS/COVUPDTE
2025-04-09 15:05:02.518858 - Found DELNT488.jcl (text/plain) in SBGOLOB.CBT509.FILE008, moved to PDS/DELNT488
2025-04-09 15:05:02.519437 - Found DELNT489.jcl (text/plain) in SBGOLOB.CBT509.FILE008, moved to PDS/DELNT489
2025-04-09 15:05:02.520095 - Found DELNT490.jcl (text/plain) in SBGOLOB.CBT509.FILE008, moved to PDS/DELNT490
2025-04-09 15:05:02.520701 - Found DELNT491.jcl (text/plain) in SBGOLOB.CBT509.FILE008, moved to PDS/DELNT491
2025-04-09 15:05:02.521343 - Found DELNT492.jcl (text/plain) in SBGOLOB.CBT509.FILE008, moved to PDS/DELNT492
2025-04-09 15:05:02.521988 - Found DELNT493.jcl (text/plain) in SBGOLOB.CBT509.FILE008, moved to PDS/DELNT493
2025-04-09 15:05:02.522596 - Found DELNT494.jcl (text/plain) in SBGOLOB.CBT509.FILE008, moved to PDS/DELNT494
2025-04-09 15:05:02.523139 - Found DELNT495.jcl (text/plain) in SBGOLOB.CBT509.FILE008, moved to PDS/DELNT495
2025-04-09 15:05:02.523783 - Found DELNT496.jcl (text/plain) in SBGOLOB.CBT509.FILE008, moved to PDS/DELNT496
2025-04-09 15:05:02.524391 - Found DELNT497.jcl (text/plain) in SBGOLOB.CBT509.FILE008, moved to PDS/DELNT497
2025-04-09 15:05:02.524939 - Found DELNT498.jcl (text/plain) in SBGOLOB.CBT509.FILE008, moved to PDS/DELNT498
2025-04-09 15:05:02.525516 - Found DELNT499.jcl (text/plain) in SBGOLOB.CBT509.FILE008, moved to PDS/DELNT499
2025-04-09 15:05:02.526112 - Found DELNT500.jcl (text/plain) in SBGOLOB.CBT509.FILE008, moved to PDS/DELNT500
2025-04-09 15:05:02.527084 - Found DELNT501.jcl (text/plain) in SBGOLOB.CBT509.FILE008, moved to PDS/DELNT501
2025-04-09 15:05:02.527705 - Found DELNT502.jcl (text/plain) in SBGOLOB.CBT509.FILE008, moved to PDS/DELNT502
2025-04-09 15:05:02.528356 - Found DELNT503.jcl (text/plain) in SBGOLOB.CBT509.FILE008, moved to PDS/DELNT503
2025-04-09 15:05:02.528932 - Found DELNT504.jcl (text/plain) in SBGOLOB.CBT509.FILE008, moved to PDS/DELNT504
2025-04-09 15:05:02.529537 - Found DELNT505.jcl (text/plain) in SBGOLOB.CBT509.FILE008, moved to PDS/DELNT505
2025-04-09 15:05:02.530093 - Found DELNT506.jcl (text/plain) in SBGOLOB.CBT509.FILE008, moved to PDS/DELNT506
2025-04-09 15:05:02.530748 - Found DELNT507.jcl (text/plain) in SBGOLOB.CBT509.FILE008, moved to PDS/DELNT507
2025-04-09 15:05:02.531359 - Found DELXU488.jcl (text/plain) in SBGOLOB.CBT509.FILE008, moved to PDS/DELXU488
2025-04-09 15:05:02.531907 - Found DELXU489.jcl (text/plain) in SBGOLOB.CBT509.FILE008, moved to PDS/DELXU489
2025-04-09 15:05:02.532500 - Found DELXU490.jcl (text/plain) in SBGOLOB.CBT509.FILE008, moved to PDS/DELXU490
2025-04-09 15:05:02.533087 - Found DELXU491.jcl (text/plain) in SBGOLOB.CBT509.FILE008, moved to PDS/DELXU491
2025-04-09 15:05:02.533603 - Found DELXU492.jcl (text/plain) in SBGOLOB.CBT509.FILE008, moved to PDS/DELXU492
2025-04-09 15:05:02.534242 - Found DELXU493.jcl (text/plain) in SBGOLOB.CBT509.FILE008, moved to PDS/DELXU493
2025-04-09 15:05:02.534855 - Found DELXU494.jcl (text/plain) in SBGOLOB.CBT509.FILE008, moved to PDS/DELXU494
2025-04-09 15:05:02.535402 - Found DELXU495.jcl (text/plain) in SBGOLOB.CBT509.FILE008, moved to PDS/DELXU495
2025-04-09 15:05:02.536083 - Found DELXU496.jcl (text/plain) in SBGOLOB.CBT509.FILE008, moved to PDS/DELXU496
2025-04-09 15:05:02.536988 - Found DELXU497.jcl (text/plain) in SBGOLOB.CBT509.FILE008, moved to PDS/DELXU497
2025-04-09 15:05:02.537603 - Found DELXU498.jcl (text/plain) in SBGOLOB.CBT509.FILE008, moved to PDS/DELXU498
2025-04-09 15:05:02.538226 - Found DELXU499.jcl (text/plain) in SBGOLOB.CBT509.FILE008, moved to PDS/DELXU499
2025-04-09 15:05:02.538808 - Found DELXU500.jcl (text/plain) in SBGOLOB.CBT509.FILE008, moved to PDS/DELXU500
2025-04-09 15:05:02.539363 - Found DELXU501.jcl (text/plain) in SBGOLOB.CBT509.FILE008, moved to PDS/DELXU501
2025-04-09 15:05:02.540010 - Found DELXU502.jcl (text/plain) in SBGOLOB.CBT509.FILE008, moved to PDS/DELXU502
2025-04-09 15:05:02.540614 - Found DELXU503.jcl (text/plain) in SBGOLOB.CBT509.FILE008, moved to PDS/DELXU503
2025-04-09 15:05:02.541207 - Found DELXU504.jcl (text/plain) in SBGOLOB.CBT509.FILE008, moved to PDS/DELXU504
2025-04-09 15:05:02.541808 - Found DELXU505.jcl (text/plain) in SBGOLOB.CBT509.FILE008, moved to PDS/DELXU505
2025-04-09 15:05:02.542483 - Found DELXU506.jcl (text/plain) in SBGOLOB.CBT509.FILE008, moved to PDS/DELXU506
2025-04-09 15:05:02.543072 - Found DELXU507.jcl (text/plain) in SBGOLOB.CBT509.FILE008, moved to PDS/DELXU507
2025-04-09 15:05:02.543709 - Found DFDSSA01.jcl (text/plain) in SBGOLOB.CBT509.FILE008, moved to PDS/DFDSSA01
2025-04-09 15:05:02.544330 - Found DFDSSA02.jcl (text/plain) in SBGOLOB.CBT509.FILE008, moved to PDS/DFDSSA02
2025-04-09 15:05:02.544880 - Found DFDSSBKC.jcl (text/plain) in SBGOLOB.CBT509.FILE008, moved to PDS/DFDSSBKC
2025-04-09 15:05:02.545390 - Found DFDSSBKV.jcl (text/plain) in SBGOLOB.CBT509.FILE008, moved to PDS/DFDSSBKV
2025-04-09 15:05:02.546019 - Found DFDSSBK3.jcl (text/plain) in SBGOLOB.CBT509.FILE008, moved to PDS/DFDSSBK3
2025-04-09 15:05:02.546604 - Found DFDSSBN1.txt (text/plain) in SBGOLOB.CBT509.FILE008, moved to PDS/DFDSSBN1
2025-04-09 15:05:02.547185 - Found DFDSSRC.jcl (text/plain) in SBGOLOB.CBT509.FILE008, moved to PDS/DFDSSRC
2025-04-09 15:05:02.547767 - Found DFDSSR22.jcl (text/plain) in SBGOLOB.CBT509.FILE008, moved to PDS/DFDSSR22
2025-04-09 15:05:02.548341 - Found DFDSSR4.jcl (text/plain) in SBGOLOB.CBT509.FILE008, moved to PDS/DFDSSR4
2025-04-09 15:05:02.548937 - Found DOCCOV.txt (text/plain) in SBGOLOB.CBT509.FILE008, moved to PDS/DOCCOV
2025-04-09 15:05:02.549559 - Found DOCFIL.txt (text/plain) in SBGOLOB.CBT509.FILE008, moved to PDS/DOCFIL
2025-04-09 15:05:02.550066 - Found DOCFILA.txt (text/plain) in SBGOLOB.CBT509.FILE008, moved to PDS/DOCFILA
2025-04-09 15:05:02.550688 - Found DOCFILE.txt (text/plain) in SBGOLOB.CBT509.FILE008, moved to PDS/DOCFILE
2025-04-09 15:05:02.551266 - Found DOCFILE$.jcl (text/plain) in SBGOLOB.CBT509.FILE008, moved to PDS/DOCFILE$
2025-04-09 15:05:02.551885 - Found DOCFILE#.jcl (text/plain) in SBGOLOB.CBT509.FILE008, moved to PDS/DOCFILE#
2025-04-09 15:05:02.552454 - Found DOCFILE@.jcl (text/plain) in SBGOLOB.CBT509.FILE008, moved to PDS/DOCFILE@
2025-04-09 15:05:02.552961 - Found DOCFILN.txt (text/plain) in SBGOLOB.CBT509.FILE008, moved to PDS/DOCFILN
2025-04-09 15:05:02.553444 - Found DOCFILX.rexx (text/plain) in SBGOLOB.CBT509.FILE008, moved to PDS/DOCFILX
2025-04-09 15:05:02.554073 - Found DOCFIL01.txt (text/plain) in SBGOLOB.CBT509.FILE008, moved to PDS/DOCFIL01
2025-04-09 15:05:02.554676 - Found ENDALL.txt (text/plain) in SBGOLOB.CBT509.FILE008, moved to PDS/ENDALL
2025-04-09 15:05:02.555196 - Found FDRDUMP1.jcl (text/plain) in SBGOLOB.CBT509.FILE008, moved to PDS/FDRDUMP1
2025-04-09 15:05:02.566716 - Found FDRRESTV.jcl (text/plain) in SBGOLOB.CBT509.FILE008, moved to PDS/FDRRESTV
2025-04-09 15:05:02.567581 - Found FILE005.bin (application/octet-stream) in SBGOLOB.CBT509.FILE008, moved to PDS/FILE005
2025-04-09 15:05:02.568180 - Found FILE005O.txt (text/plain) in SBGOLOB.CBT509.FILE008, moved to PDS/FILE005O
2025-04-09 15:05:02.569017 - Found FILE007.bin (application/octet-stream) in SBGOLOB.CBT509.FILE008, moved to PDS/FILE007
2025-04-09 15:05:02.569627 - Found GENCOV.txt (text/plain) in SBGOLOB.CBT509.FILE008, moved to PDS/GENCOV
2025-04-09 15:05:02.570263 - Found GENDAT.txt (text/plain) in SBGOLOB.CBT509.FILE008, moved to PDS/GENDAT
2025-04-09 15:05:02.570881 - Found GENDATE.txt (text/plain) in SBGOLOB.CBT509.FILE008, moved to PDS/GENDATE
2025-04-09 15:05:02.571506 - Found GENDATN.txt (text/plain) in SBGOLOB.CBT509.FILE008, moved to PDS/GENDATN
2025-04-09 15:05:02.572034 - Found GENDATQ.rexx (text/plain) in SBGOLOB.CBT509.FILE008, moved to PDS/GENDATQ
2025-04-09 15:05:02.572666 - Found GENDATR.rexx (text/plain) in SBGOLOB.CBT509.FILE008, moved to PDS/GENDATR
2025-04-09 15:05:02.573183 - Found GENDESC.txt (text/plain) in SBGOLOB.CBT509.FILE008, moved to PDS/GENDESC
2025-04-09 15:05:02.573774 - Found GENFILE.txt (text/plain) in SBGOLOB.CBT509.FILE008, moved to PDS/GENFILE
2025-04-09 15:05:02.574345 - Found GENJCL7.txt (text/plain) in SBGOLOB.CBT509.FILE008, moved to PDS/GENJCL7
2025-04-09 15:05:02.574842 - Found GENJCL8.txt (text/plain) in SBGOLOB.CBT509.FILE008, moved to PDS/GENJCL8
2025-04-09 15:05:02.575373 - Found GENSTAT.txt (text/plain) in SBGOLOB.CBT509.FILE008, moved to PDS/GENSTAT
2025-04-09 15:05:02.576032 - Found INFOJOB.jcl (text/plain) in SBGOLOB.CBT509.FILE008, moved to PDS/INFOJOB
2025-04-09 15:05:02.576603 - Found IPLTZZSA.jcl (text/plain) in SBGOLOB.CBT509.FILE008, moved to PDS/IPLTZZSA
2025-04-09 15:05:02.577171 - Found JOBCARD.jcl (text/plain) in SBGOLOB.CBT509.FILE008, moved to PDS/JOBCARD
2025-04-09 15:05:02.577753 - Found KEYWORD.txt (text/plain) in SBGOLOB.CBT509.FILE008, moved to PDS/KEYWORD
2025-04-09 15:05:02.578331 - Found KEYWORDH.xmi (application/xmit) in SBGOLOB.CBT509.FILE008, moved to PDS/KEYWORDH.xmi
2025-04-09 15:05:02.588913 - Received CBT.CBT499.FILE043.DATA from KEYWORDH.xmi 
2025-04-09 15:05:02.589579 - Found CBT.CBT499.FILE043.DATA.txt (text/plain), moved to KEYWORDH/CBT.CBT499.FILE043.DATA
2025-04-09 15:05:02.590377 - Found KEYWORDS.txt (text/plain) in SBGOLOB.CBT509.FILE008, moved to PDS/KEYWORDS
2025-04-09 15:05:02.591104 - Found LOADLIB.xmi (application/xmit) in SBGOLOB.CBT509.FILE008, moved to PDS/LOADLIB.xmi
2025-04-09 15:05:02.655282 - Received SBGOLOB.CBTCREAT.LOAD from LOADLIB.xmi 
2025-04-09 15:05:02.656873 - Found CBTUPD.bin (application/octet-stream) in SBGOLOB.CBTCREAT.LOAD, moved to LOADLIB/CBTUPD
2025-04-09 15:05:02.657467 - Found CBT973.bin (application/octet-stream) in SBGOLOB.CBTCREAT.LOAD, moved to LOADLIB/CBT973
2025-04-09 15:05:02.658062 - Found CKIEBGEN.bin (application/octet-stream) in SBGOLOB.CBTCREAT.LOAD, moved to LOADLIB/CKIEBGEN
2025-04-09 15:05:02.658724 - Found COPYFILE.bin (application/octet-stream) in SBGOLOB.CBTCREAT.LOAD, moved to LOADLIB/COPYFILE
2025-04-09 15:05:02.659659 - Found COPYMODS.bin (application/octet-stream) in SBGOLOB.CBTCREAT.LOAD, moved to LOADLIB/COPYMODS
2025-04-09 15:05:02.660282 - Found COPYSLNL.bin (application/octet-stream) in SBGOLOB.CBTCREAT.LOAD, moved to LOADLIB/COPYSLNL
2025-04-09 15:05:02.660892 - Found DOCFILE.bin (application/octet-stream) in SBGOLOB.CBTCREAT.LOAD, moved to LOADLIB/DOCFILE
2025-04-09 15:05:02.661487 - Found IEBGEOLD.bin (application/octet-stream) in SBGOLOB.CBTCREAT.LOAD, moved to LOADLIB/IEBGEOLD
2025-04-09 15:05:02.662035 - Found LISPDS.bin (application/octet-stream) in SBGOLOB.CBTCREAT.LOAD, moved to LOADLIB/LISPDS
2025-04-09 15:05:02.662594 - Found LISTPDS.bin (application/octet-stream) in SBGOLOB.CBTCREAT.LOAD, moved to LOADLIB/LISTPDS
2025-04-09 15:05:02.673476 - Found alias MAPTAPE to SS0104 in SBGOLOB.CBTCREAT.LOAD, moved to PDS/MAPTAPE
2025-04-09 15:05:02.674072 - Found OFFLOAD.bin (application/octet-stream) in SBGOLOB.CBTCREAT.LOAD, moved to LOADLIB/OFFLOAD
2025-04-09 15:05:02.674652 - Found PDSLOAD.bin (application/octet-stream) in SBGOLOB.CBTCREAT.LOAD, moved to LOADLIB/PDSLOAD
2025-04-09 15:05:02.674976 - Found alias PDSLOADW to PDSLOAD in SBGOLOB.CBTCREAT.LOAD, moved to PDS/PDSLOADW
2025-04-09 15:05:02.675538 - Found RELEASE.bin (application/octet-stream) in SBGOLOB.CBTCREAT.LOAD, moved to LOADLIB/RELEASE
2025-04-09 15:05:02.676083 - Found SS0104.bin (application/octet-stream) in SBGOLOB.CBTCREAT.LOAD, moved to LOADLIB/SS0104
2025-04-09 15:05:02.676680 - Found TAPEMAP.bin (application/octet-stream) in SBGOLOB.CBTCREAT.LOAD, moved to LOADLIB/TAPEMAP
2025-04-09 15:05:02.677300 - Found TAPESCAN.bin (application/octet-stream) in SBGOLOB.CBTCREAT.LOAD, moved to LOADLIB/TAPESCAN
2025-04-09 15:05:02.677838 - Found TAPESCAZ.bin (application/octet-stream) in SBGOLOB.CBTCREAT.LOAD, moved to LOADLIB/TAPESCAZ
2025-04-09 15:05:02.678091 - Found alias TAPESC46 to TAPESCAN in SBGOLOB.CBTCREAT.LOAD, moved to PDS/TAPESC46
2025-04-09 15:05:02.678296 - Found alias TAPESC52 to TAPESCAZ in SBGOLOB.CBTCREAT.LOAD, moved to PDS/TAPESC52
2025-04-09 15:05:02.679512 - Found MIAGEN2.txt (text/plain) in SBGOLOB.CBT509.FILE008, moved to PDS/MIAGEN2
2025-04-09 15:05:02.680111 - Found NEWT508A.jcl (text/plain) in SBGOLOB.CBT509.FILE008, moved to PDS/NEWT508A
2025-04-09 15:05:02.680731 - Found NEWT508B.jcl (text/plain) in SBGOLOB.CBT509.FILE008, moved to PDS/NEWT508B
2025-04-09 15:05:02.681232 - Found NEWT508C.jcl (text/plain) in SBGOLOB.CBT509.FILE008, moved to PDS/NEWT508C
2025-04-09 15:05:02.681751 - Found NEWT508D.jcl (text/plain) in SBGOLOB.CBT509.FILE008, moved to PDS/NEWT508D
2025-04-09 15:05:02.682274 - Found NEWT508E.jcl (text/plain) in SBGOLOB.CBT509.FILE008, moved to PDS/NEWT508E
2025-04-09 15:05:02.682874 - Found NEWT508F.jcl (text/plain) in SBGOLOB.CBT509.FILE008, moved to PDS/NEWT508F
2025-04-09 15:05:02.683507 - Found NEWT508G.jcl (text/plain) in SBGOLOB.CBT509.FILE008, moved to PDS/NEWT508G
2025-04-09 15:05:02.684077 - Found NEWT508H.jcl (text/plain) in SBGOLOB.CBT509.FILE008, moved to PDS/NEWT508H
2025-04-09 15:05:02.684606 - Found NEWT508I.jcl (text/plain) in SBGOLOB.CBT509.FILE008, moved to PDS/NEWT508I
2025-04-09 15:05:02.685105 - Found NEWT508J.jcl (text/plain) in SBGOLOB.CBT509.FILE008, moved to PDS/NEWT508J
2025-04-09 15:05:02.685674 - Found NEWT508K.jcl (text/plain) in SBGOLOB.CBT509.FILE008, moved to PDS/NEWT508K
2025-04-09 15:05:02.686220 - Found NEWT508L.jcl (text/plain) in SBGOLOB.CBT509.FILE008, moved to PDS/NEWT508L
2025-04-09 15:05:02.686837 - Found NEWT508M.jcl (text/plain) in SBGOLOB.CBT509.FILE008, moved to PDS/NEWT508M
2025-04-09 15:05:02.687462 - Found NEWT508N.jcl (text/plain) in SBGOLOB.CBT509.FILE008, moved to PDS/NEWT508N
2025-04-09 15:05:02.687947 - Found NEWT508O.jcl (text/plain) in SBGOLOB.CBT509.FILE008, moved to PDS/NEWT508O
2025-04-09 15:05:02.688509 - Found NEWT508P.jcl (text/plain) in SBGOLOB.CBT509.FILE008, moved to PDS/NEWT508P
2025-04-09 15:05:02.694821 - Found NEWT508Q.jcl (text/plain) in SBGOLOB.CBT509.FILE008, moved to PDS/NEWT508Q
2025-04-09 15:05:02.695460 - Found NEWT508R.jcl (text/plain) in SBGOLOB.CBT509.FILE008, moved to PDS/NEWT508R
2025-04-09 15:05:02.696051 - Found NEWT508S.jcl (text/plain) in SBGOLOB.CBT509.FILE008, moved to PDS/NEWT508S
2025-04-09 15:05:02.696602 - Found NEWT508T.jcl (text/plain) in SBGOLOB.CBT509.FILE008, moved to PDS/NEWT508T
2025-04-09 15:05:02.697157 - Found NEWT508U.jcl (text/plain) in SBGOLOB.CBT509.FILE008, moved to PDS/NEWT508U
2025-04-09 15:05:02.697777 - Found NEWT508V.jcl (text/plain) in SBGOLOB.CBT509.FILE008, moved to PDS/NEWT508V
2025-04-09 15:05:02.698333 - Found NEWT508W.jcl (text/plain) in SBGOLOB.CBT509.FILE008, moved to PDS/NEWT508W
2025-04-09 15:05:02.698913 - Found NEWT508X.jcl (text/plain) in SBGOLOB.CBT509.FILE008, moved to PDS/NEWT508X
2025-04-09 15:05:02.699516 - Found NEWT508Y.jcl (text/plain) in SBGOLOB.CBT509.FILE008, moved to PDS/NEWT508Y
2025-04-09 15:05:02.700077 - Found NEWT508Z.jcl (text/plain) in SBGOLOB.CBT509.FILE008, moved to PDS/NEWT508Z
2025-04-09 15:05:02.700616 - Found NEWT5081.jcl (text/plain) in SBGOLOB.CBT509.FILE008, moved to PDS/NEWT5081
2025-04-09 15:05:02.701174 - Found NEWT5082.jcl (text/plain) in SBGOLOB.CBT509.FILE008, moved to PDS/NEWT5082
2025-04-09 15:05:02.701703 - Found NEWT5083.jcl (text/plain) in SBGOLOB.CBT509.FILE008, moved to PDS/NEWT5083
2025-04-09 15:05:02.702257 - Found NEWT5084.jcl (text/plain) in SBGOLOB.CBT509.FILE008, moved to PDS/NEWT5084
2025-04-09 15:05:02.702851 - Found NEWT5085.jcl (text/plain) in SBGOLOB.CBT509.FILE008, moved to PDS/NEWT5085
2025-04-09 15:05:02.703470 - Found NEWT5086.jcl (text/plain) in SBGOLOB.CBT509.FILE008, moved to PDS/NEWT5086
2025-04-09 15:05:02.703962 - Found NEWU508A.jcl (text/plain) in SBGOLOB.CBT509.FILE008, moved to PDS/NEWU508A
2025-04-09 15:05:02.704513 - Found NEWU508O.jcl (text/plain) in SBGOLOB.CBT509.FILE008, moved to PDS/NEWU508O
2025-04-09 15:05:02.705073 - Found NEWU508X.jcl (text/plain) in SBGOLOB.CBT509.FILE008, moved to PDS/NEWU508X
2025-04-09 15:05:02.705644 - Found NEWV508O.jcl (text/plain) in SBGOLOB.CBT509.FILE008, moved to PDS/NEWV508O
2025-04-09 15:05:02.706198 - Found NEWW508O.jcl (text/plain) in SBGOLOB.CBT509.FILE008, moved to PDS/NEWW508O
2025-04-09 15:05:02.706823 - Found NEXP508A.jcl (text/plain) in SBGOLOB.CBT509.FILE008, moved to PDS/NEXP508A
2025-04-09 15:05:02.707437 - Found NEXP508X.jcl (text/plain) in SBGOLOB.CBT509.FILE008, moved to PDS/NEXP508X
2025-04-09 15:05:02.707967 - Found NEXQ508A.jcl (text/plain) in SBGOLOB.CBT509.FILE008, moved to PDS/NEXQ508A
2025-04-09 15:05:02.708517 - Found NEXQ508X.jcl (text/plain) in SBGOLOB.CBT509.FILE008, moved to PDS/NEXQ508X
2025-04-09 15:05:02.709112 - Found OSTAREDC.txt (text/plain) in SBGOLOB.CBT509.FILE008, moved to PDS/OSTAREDC
2025-04-09 15:05:02.709699 - Found OSTARREC.rexx (text/plain) in SBGOLOB.CBT509.FILE008, moved to PDS/OSTARREC
2025-04-09 15:05:02.710324 - Found OSTARXMT.rexx (text/plain) in SBGOLOB.CBT509.FILE008, moved to PDS/OSTARXMT
2025-04-09 15:05:02.710857 - Found SAVEALL.txt (text/plain) in SBGOLOB.CBT509.FILE008, moved to PDS/SAVEALL
2025-04-09 15:05:02.711591 - Found SYSUPLOG.bin (application/octet-stream) in SBGOLOB.CBT509.FILE008, moved to PDS/SYSUPLOG
2025-04-09 15:05:02.712230 - Found TRSCBT01.jcl (text/plain) in SBGOLOB.CBT509.FILE008, moved to PDS/TRSCBT01
2025-04-09 15:05:02.712822 - Found TRSCBT02.jcl (text/plain) in SBGOLOB.CBT509.FILE008, moved to PDS/TRSCBT02
2025-04-09 15:05:02.713376 - Found TRSREST2.jcl (text/plain) in SBGOLOB.CBT509.FILE008, moved to PDS/TRSREST2
2025-04-09 15:05:02.713997 - Found TSOR489.jcl (text/plain) in SBGOLOB.CBT509.FILE008, moved to PDS/TSOR489
2025-04-09 15:05:02.714967 - Found TSOR490.jcl (text/plain) in SBGOLOB.CBT509.FILE008, moved to PDS/TSOR490
2025-04-09 15:05:02.715612 - Found TSOR491.jcl (text/plain) in SBGOLOB.CBT509.FILE008, moved to PDS/TSOR491
2025-04-09 15:05:02.716264 - Found TSOR492.jcl (text/plain) in SBGOLOB.CBT509.FILE008, moved to PDS/TSOR492
2025-04-09 15:05:02.716852 - Found TSOR493.jcl (text/plain) in SBGOLOB.CBT509.FILE008, moved to PDS/TSOR493
2025-04-09 15:05:02.717519 - Found TSOR494.jcl (text/plain) in SBGOLOB.CBT509.FILE008, moved to PDS/TSOR494
2025-04-09 15:05:02.718105 - Found TSOR495.jcl (text/plain) in SBGOLOB.CBT509.FILE008, moved to PDS/TSOR495
2025-04-09 15:05:02.718759 - Found TSOR496.jcl (text/plain) in SBGOLOB.CBT509.FILE008, moved to PDS/TSOR496
2025-04-09 15:05:02.719396 - Found TSOR497.jcl (text/plain) in SBGOLOB.CBT509.FILE008, moved to PDS/TSOR497
2025-04-09 15:05:02.719954 - Found TSOR498.jcl (text/plain) in SBGOLOB.CBT509.FILE008, moved to PDS/TSOR498
2025-04-09 15:05:02.720505 - Found TSOR499.jcl (text/plain) in SBGOLOB.CBT509.FILE008, moved to PDS/TSOR499
2025-04-09 15:05:02.721040 - Found TSOR500.jcl (text/plain) in SBGOLOB.CBT509.FILE008, moved to PDS/TSOR500
2025-04-09 15:05:02.721582 - Found TSOR501.jcl (text/plain) in SBGOLOB.CBT509.FILE008, moved to PDS/TSOR501
2025-04-09 15:05:02.722157 - Found TSOR502.jcl (text/plain) in SBGOLOB.CBT509.FILE008, moved to PDS/TSOR502
2025-04-09 15:05:02.722733 - Found TSOR502A.jcl (text/plain) in SBGOLOB.CBT509.FILE008, moved to PDS/TSOR502A
2025-04-09 15:05:02.723392 - Found TSOR503.jcl (text/plain) in SBGOLOB.CBT509.FILE008, moved to PDS/TSOR503
2025-04-09 15:05:02.724062 - Found TSOR504.jcl (text/plain) in SBGOLOB.CBT509.FILE008, moved to PDS/TSOR504
2025-04-09 15:05:02.724669 - Found TSOR505.jcl (text/plain) in SBGOLOB.CBT509.FILE008, moved to PDS/TSOR505
2025-04-09 15:05:02.725313 - Found TSOR506.jcl (text/plain) in SBGOLOB.CBT509.FILE008, moved to PDS/TSOR506
2025-04-09 15:05:02.725854 - Found TSOR507.jcl (text/plain) in SBGOLOB.CBT509.FILE008, moved to PDS/TSOR507
2025-04-09 15:05:02.726503 - Found TSOR508.jcl (text/plain) in SBGOLOB.CBT509.FILE008, moved to PDS/TSOR508
2025-04-09 15:05:02.727060 - Found VBCLIST$.txt (text/plain) in SBGOLOB.CBT509.FILE008, moved to PDS/VBCLIST$
2025-04-09 15:05:02.727640 - Found VBCLISTS.xmi (application/xmit) in SBGOLOB.CBT509.FILE008, moved to PDS/VBCLISTS.xmi
2025-04-09 15:05:02.765551 - Received SBGOLOB.VB.CLIST from VBCLISTS.xmi 
2025-04-09 15:05:02.766893 - Found GENDESC.txt (text/plain) in SBGOLOB.VB.CLIST, moved to VBCLISTS/GENDESC
2025-04-09 15:05:02.767560 - Found GENFILE.txt (text/plain) in SBGOLOB.VB.CLIST, moved to VBCLISTS/GENFILE
2025-04-09 15:05:02.768083 - Found GENJCL7.txt (text/plain) in SBGOLOB.VB.CLIST, moved to VBCLISTS/GENJCL7
2025-04-09 15:05:02.768673 - Found GENJCL8.txt (text/plain) in SBGOLOB.VB.CLIST, moved to VBCLISTS/GENJCL8
2025-04-09 15:05:02.769218 - Found GENSTAT.txt (text/plain) in SBGOLOB.VB.CLIST, moved to VBCLISTS/GENSTAT
2025-04-09 15:05:02.770102 - Found VTT2DISK.txt (text/plain) in SBGOLOB.CBT509.FILE008, moved to PDS/VTT2DISK
2025-04-09 15:05:02.770716 - Found VTT2TAPE.txt (text/plain) in SBGOLOB.CBT509.FILE008, moved to PDS/VTT2TAPE
2025-04-09 15:05:02.771240 - Found V508G01.jcl (text/plain) in SBGOLOB.CBT509.FILE008, moved to PDS/V508G01
2025-04-09 15:05:02.771881 - Found V508H01.jcl (text/plain) in SBGOLOB.CBT509.FILE008, moved to PDS/V508H01
2025-04-09 15:05:02.772443 - Found V508I01.jcl (text/plain) in SBGOLOB.CBT509.FILE008, moved to PDS/V508I01
2025-04-09 15:05:02.772989 - Found V508J01.jcl (text/plain) in SBGOLOB.CBT509.FILE008, moved to PDS/V508J01
2025-04-09 15:05:02.773573 - Found V508J02.jcl (text/plain) in SBGOLOB.CBT509.FILE008, moved to PDS/V508J02
2025-04-09 15:05:02.774515 - Found V508J03.jcl (text/plain) in SBGOLOB.CBT509.FILE008, moved to PDS/V508J03
2025-04-09 15:05:02.775271 - Found V508J04.jcl (text/plain) in SBGOLOB.CBT509.FILE008, moved to PDS/V508J04
2025-04-09 15:05:02.775966 - Found V508J05.jcl (text/plain) in SBGOLOB.CBT509.FILE008, moved to PDS/V508J05
2025-04-09 15:05:02.776600 - Found V508J06.jcl (text/plain) in SBGOLOB.CBT509.FILE008, moved to PDS/V508J06
2025-04-09 15:05:02.777318 - Found V508J07.jcl (text/plain) in SBGOLOB.CBT509.FILE008, moved to PDS/V508J07
2025-04-09 15:05:02.777950 - Found V508J08.jcl (text/plain) in SBGOLOB.CBT509.FILE008, moved to PDS/V508J08
2025-04-09 15:05:02.778666 - Found V508J09.jcl (text/plain) in SBGOLOB.CBT509.FILE008, moved to PDS/V508J09
2025-04-09 15:05:02.779241 - Found V508J10.jcl (text/plain) in SBGOLOB.CBT509.FILE008, moved to PDS/V508J10
2025-04-09 15:05:02.779772 - Found V508J11.jcl (text/plain) in SBGOLOB.CBT509.FILE008, moved to PDS/V508J11
2025-04-09 15:05:02.780325 - Found V508X01.jcl (text/plain) in SBGOLOB.CBT509.FILE008, moved to PDS/V508X01
2025-04-09 15:05:02.780896 - Found V508X02.jcl (text/plain) in SBGOLOB.CBT509.FILE008, moved to PDS/V508X02
2025-04-09 15:05:02.781513 - Found V508X03.jcl (text/plain) in SBGOLOB.CBT509.FILE008, moved to PDS/V508X03
2025-04-09 15:05:02.782047 - Found V508X04.jcl (text/plain) in SBGOLOB.CBT509.FILE008, moved to PDS/V508X04
2025-04-09 15:05:02.782686 - Found V508X05.jcl (text/plain) in SBGOLOB.CBT509.FILE008, moved to PDS/V508X05
2025-04-09 15:05:02.783277 - Found V508X06.jcl (text/plain) in SBGOLOB.CBT509.FILE008, moved to PDS/V508X06
2025-04-09 15:05:02.783844 - Found V508X07.jcl (text/plain) in SBGOLOB.CBT509.FILE008, moved to PDS/V508X07
2025-04-09 15:05:02.784420 - Found V508X08.jcl (text/plain) in SBGOLOB.CBT509.FILE008, moved to PDS/V508X08
2025-04-09 15:05:02.785025 - Found V508X09.jcl (text/plain) in SBGOLOB.CBT509.FILE008, moved to PDS/V508X09
2025-04-09 15:05:02.785621 - Found XIJ.txt (text/plain) in SBGOLOB.CBT509.FILE008, moved to PDS/XIJ
